[debug] [2025-06-13T13:16:13.320Z] ----------------------------------------------------------------------
[debug] [2025-06-13T13:16:13.326Z] Command:       C:\Program Files\nodejs\node.exe C:\Users\maxpe\AppData\Roaming\npm\node_modules\firebase-tools\lib\bin\firebase.js emulators:start
[debug] [2025-06-13T13:16:13.328Z] CLI Version:   14.5.1
[debug] [2025-06-13T13:16:13.328Z] Platform:      win32
[debug] [2025-06-13T13:16:13.329Z] Node Version:  v22.12.0
[debug] [2025-06-13T13:16:13.330Z] Time:          Fri Jun 13 2025 15:16:13 GMT+0200 (heure d’été d’Europe centrale)
[debug] [2025-06-13T13:16:13.331Z] ----------------------------------------------------------------------
[debug] 
[debug] [2025-06-13T13:16:13.986Z] > command requires scopes: ["email","openid","https://www.googleapis.com/auth/cloudplatformprojects.readonly","https://www.googleapis.com/auth/firebase","https://www.googleapis.com/auth/cloud-platform"]
[debug] [2025-06-13T13:16:13.987Z] > authorizing via signed-in user (maxooperrier@gmail.com)
[info] i  emulators: Starting emulators: functions, extensions {"metadata":{"emulator":{"name":"hub"},"message":"Starting emulators: functions, extensions"}}
[debug] [2025-06-13T13:16:13.997Z] Checked if tokens are valid: true, expires at: 1749821808477
[debug] [2025-06-13T13:16:13.997Z] Checked if tokens are valid: true, expires at: 1749821808477
[debug] [2025-06-13T13:16:14.001Z] >>> [apiv2][query] GET https://serviceusage.googleapis.com/v1/projects/juniorfirebase-d7603/services/cloudresourcemanager.googleapis.com [none]
[debug] [2025-06-13T13:16:14.002Z] >>> [apiv2][(partial)header] GET https://serviceusage.googleapis.com/v1/projects/juniorfirebase-d7603/services/cloudresourcemanager.googleapis.com x-goog-quota-user=projects/juniorfirebase-d7603
[debug] [2025-06-13T13:16:16.147Z] <<< [apiv2][status] GET https://serviceusage.googleapis.com/v1/projects/juniorfirebase-d7603/services/cloudresourcemanager.googleapis.com 200
[debug] [2025-06-13T13:16:16.148Z] <<< [apiv2][body] GET https://serviceusage.googleapis.com/v1/projects/juniorfirebase-d7603/services/cloudresourcemanager.googleapis.com [omitted]
[debug] [2025-06-13T13:16:16.148Z] Checked if tokens are valid: true, expires at: 1749821808477
[debug] [2025-06-13T13:16:16.148Z] Checked if tokens are valid: true, expires at: 1749821808477
[debug] [2025-06-13T13:16:16.149Z] >>> [apiv2][query] GET https://cloudresourcemanager.googleapis.com/v1/projects/juniorfirebase-d7603 [none]
[debug] [2025-06-13T13:16:17.879Z] <<< [apiv2][status] GET https://cloudresourcemanager.googleapis.com/v1/projects/juniorfirebase-d7603 200
[debug] [2025-06-13T13:16:17.879Z] <<< [apiv2][body] GET https://cloudresourcemanager.googleapis.com/v1/projects/juniorfirebase-d7603 {"projectNumber":"937750064430","projectId":"juniorfirebase-d7603","lifecycleState":"ACTIVE","name":"juniorFirebase","labels":{"firebase":"enabled","firebase-core":"disabled"},"createTime":"2025-06-02T10:10:34.096968Z"}
[debug] [2025-06-13T13:16:17.899Z] [logging] Logging Emulator only supports listening on one address (127.0.0.1). Not listening on ::1
[debug] [2025-06-13T13:16:17.899Z] assigned listening specs for emulators {"user":{"hub":[{"address":"127.0.0.1","family":"IPv4","port":4400},{"address":"::1","family":"IPv6","port":4400}],"ui":[{"address":"127.0.0.1","family":"IPv4","port":4000},{"address":"::1","family":"IPv6","port":4000}],"logging":[{"address":"127.0.0.1","family":"IPv4","port":4500}]},"metadata":{"message":"assigned listening specs for emulators"}}
[debug] [2025-06-13T13:16:17.905Z] [hub] writing locator at C:\Users\maxpe\AppData\Local\Temp\hub-juniorfirebase-d7603.json
[debug] [2025-06-13T13:16:17.923Z] [Extensions] Started Extensions emulator, this is a noop.
[debug] [2025-06-13T13:16:17.930Z] [eventarc] Eventarc Emulator only supports listening on one address (127.0.0.1). Not listening on ::1
[debug] [2025-06-13T13:16:17.930Z] [tasks] Cloud Tasks Emulator only supports listening on one address (127.0.0.1). Not listening on ::1
[debug] [2025-06-13T13:16:17.930Z] late-assigned ports for functions and eventarc emulators {"user":{"hub":[{"address":"127.0.0.1","family":"IPv4","port":4400},{"address":"::1","family":"IPv6","port":4400}],"ui":[{"address":"127.0.0.1","family":"IPv4","port":4000},{"address":"::1","family":"IPv6","port":4000}],"logging":[{"address":"127.0.0.1","family":"IPv4","port":4500}],"functions":[{"address":"0.0.0.0","family":"IPv4","port":5001}],"eventarc":[{"address":"127.0.0.1","family":"IPv4","port":9299}],"tasks":[{"address":"127.0.0.1","family":"IPv4","port":9499}]},"metadata":{"message":"late-assigned ports for functions and eventarc emulators"}}
[warn] !  functions: The following emulators are not running, calls to these services from the Functions emulator will affect production: apphosting, auth, firestore, database, hosting, pubsub, storage, dataconnect {"metadata":{"emulator":{"name":"functions"},"message":"The following emulators are not running, calls to these services from the Functions emulator will affect production: \u001b[1mapphosting, auth, firestore, database, hosting, pubsub, storage, dataconnect\u001b[22m"}}
[debug] [2025-06-13T13:16:17.971Z] defaultcredentials: writing to file C:\Users\maxpe\AppData\Roaming\firebase\maxooperrier_gmail_com_application_default_credentials.json
[debug] [2025-06-13T13:16:17.973Z] Setting GAC to C:\Users\maxpe\AppData\Roaming\firebase\maxooperrier_gmail_com_application_default_credentials.json {"metadata":{"emulator":{"name":"functions"},"message":"Setting GAC to C:\\Users\\maxpe\\AppData\\Roaming\\firebase\\maxooperrier_gmail_com_application_default_credentials.json"}}
[debug] [2025-06-13T13:16:17.974Z] Checked if tokens are valid: true, expires at: 1749821808477
[debug] [2025-06-13T13:16:17.974Z] Checked if tokens are valid: true, expires at: 1749821808477
[debug] [2025-06-13T13:16:17.975Z] >>> [apiv2][query] GET https://firebase.googleapis.com/v1beta1/projects/juniorfirebase-d7603/adminSdkConfig [none]
[debug] [2025-06-13T13:16:18.700Z] <<< [apiv2][status] GET https://firebase.googleapis.com/v1beta1/projects/juniorfirebase-d7603/adminSdkConfig 200
[debug] [2025-06-13T13:16:18.700Z] <<< [apiv2][body] GET https://firebase.googleapis.com/v1beta1/projects/juniorfirebase-d7603/adminSdkConfig {"projectId":"juniorfirebase-d7603","storageBucket":"juniorfirebase-d7603.firebasestorage.app"}
[debug] [2025-06-13T13:16:18.748Z] [Extensions] Connecting Extensions emulator, this is a noop.
[info] i  functions: Watching "C:\Users\maxpe\junior\functions" for Cloud Functions... {"metadata":{"emulator":{"name":"functions"},"message":"Watching \"C:\\Users\\maxpe\\junior\\functions\" for Cloud Functions..."}}
[debug] [2025-06-13T13:16:18.762Z] Validating nodejs source
[debug] [2025-06-13T13:16:20.899Z] > [functions] package.json contents: {
  "name": "functions",
  "scripts": {
    "lint": "eslint --ext .js,.ts .",
    "build": "tsc",
    "build:watch": "tsc --watch",
    "serve": "npm run build && firebase emulators:start --only functions",
    "shell": "npm run build && firebase functions:shell",
    "start": "npm run shell",
    "deploy": "firebase deploy --only functions",
    "logs": "firebase functions:log"
  },
  "engines": {
    "node": "22"
  },
  "main": "lib/index.js",
  "dependencies": {
    "dotenv": "^16.5.0",
    "firebase-admin": "^12.6.0",
    "firebase-functions": "^6.0.1",
    "mysql2": "^3.14.1"
  },
  "devDependencies": {
    "@typescript-eslint/eslint-plugin": "^5.12.0",
    "@typescript-eslint/parser": "^5.12.0",
    "eslint": "^8.9.0",
    "eslint-config-google": "^0.14.0",
    "eslint-plugin-import": "^2.25.4",
    "firebase-functions-test": "^3.1.0",
    "typescript": "^5.7.3"
  },
  "private": true
}
[debug] [2025-06-13T13:16:20.899Z] Building nodejs source
[debug] [2025-06-13T13:16:20.900Z] Failed to find version of module node: reached end of search path C:\Users\maxpe\junior\functions\node_modules
[info] +  functions: Using node@22 from host. 
[info] i  functions: Loaded environment variables from .env. 
[debug] [2025-06-13T13:16:20.908Z] Could not find functions.yaml. Must use http discovery
[debug] [2025-06-13T13:16:20.921Z] Found firebase-functions binary at 'C:\Users\maxpe\junior\functions\node_modules\.bin\firebase-functions'
[info] Serving at port 8531

[debug] [2025-06-13T13:16:21.913Z] Got response from /__/functions.yaml {"endpoints":{"addMission":{"availableMemoryMb":null,"timeoutSeconds":null,"minInstances":null,"maxInstances":null,"ingressSettings":null,"concurrency":null,"serviceAccountEmail":null,"vpc":null,"platform":"gcfv2","labels":{},"httpsTrigger":{},"entryPoint":"addMission"},"getTitle_Mission":{"availableMemoryMb":null,"timeoutSeconds":null,"minInstances":null,"maxInstances":null,"ingressSettings":null,"concurrency":null,"serviceAccountEmail":null,"vpc":null,"platform":"gcfv2","labels":{},"httpsTrigger":{},"entryPoint":"getTitle_Mission"},"getDescription_Mission":{"availableMemoryMb":null,"timeoutSeconds":null,"minInstances":null,"maxInstances":null,"ingressSettings":null,"concurrency":null,"serviceAccountEmail":null,"vpc":null,"platform":"gcfv2","labels":{},"httpsTrigger":{},"entryPoint":"getDescription_Mission"},"getstatut_Mission":{"availableMemoryMb":null,"timeoutSeconds":null,"minInstances":null,"maxInstances":null,"ingressSettings":null,"concurrency":null,"serviceAccountEmail":null,"vpc":null,"platform":"gcfv2","labels":{},"httpsTrigger":{},"entryPoint":"getstatut_Mission"},"getId_Mission":{"availableMemoryMb":null,"timeoutSeconds":null,"minInstances":null,"maxInstances":null,"ingressSettings":null,"concurrency":null,"serviceAccountEmail":null,"vpc":null,"platform":"gcfv2","labels":{},"httpsTrigger":{},"entryPoint":"getId_Mission"},"getMission":{"availableMemoryMb":null,"timeoutSeconds":null,"minInstances":null,"maxInstances":null,"ingressSettings":null,"concurrency":null,"serviceAccountEmail":null,"vpc":null,"platform":"gcfv2","labels":{},"httpsTrigger":{},"entryPoint":"getMission"},"getArticle":{"availableMemoryMb":null,"timeoutSeconds":null,"minInstances":null,"maxInstances":null,"ingressSettings":null,"concurrency":null,"serviceAccountEmail":null,"vpc":null,"platform":"gcfv2","labels":{},"httpsTrigger":{},"entryPoint":"getArticle"},"getEvenement":{"availableMemoryMb":null,"timeoutSeconds":null,"minInstances":null,"maxInstances":null,"ingressSettings":null,"concurrency":null,"serviceAccountEmail":null,"vpc":null,"platform":"gcfv2","labels":{},"httpsTrigger":{},"entryPoint":"getEvenement"}},"specVersion":"v1alpha1","requiredAPIs":[],"extensions":{}}
[debug] [2025-06-13T13:16:25.975Z] defaultcredentials: writing to file C:\Users\maxpe\AppData\Roaming\firebase\maxooperrier_gmail_com_application_default_credentials.json
[debug] [2025-06-13T13:16:25.978Z] Setting GAC to C:\Users\maxpe\AppData\Roaming\firebase\maxooperrier_gmail_com_application_default_credentials.json {"metadata":{"emulator":{"name":"functions"},"message":"Setting GAC to C:\\Users\\maxpe\\AppData\\Roaming\\firebase\\maxooperrier_gmail_com_application_default_credentials.json"}}
[info] +  functions: Loaded functions definitions from source: addMission, getTitle_Mission, getDescription_Mission, getstatut_Mission, getId_Mission, getMission, getArticle, getEvenement. {"metadata":{"emulator":{"name":"functions"},"message":"Loaded functions definitions from source: addMission, getTitle_Mission, getDescription_Mission, getstatut_Mission, getId_Mission, getMission, getArticle, getEvenement."}}
[info] +  functions[us-central1-addMission]: http function initialized (http://127.0.0.1:5001/juniorfirebase-d7603/us-central1/addMission). {"metadata":{"emulator":{"name":"functions"},"message":"\u001b[1mhttp\u001b[22m function initialized (http://127.0.0.1:5001/juniorfirebase-d7603/us-central1/addMission)."}}
[info] +  functions[us-central1-getTitle_Mission]: http function initialized (http://127.0.0.1:5001/juniorfirebase-d7603/us-central1/getTitle_Mission). {"metadata":{"emulator":{"name":"functions"},"message":"\u001b[1mhttp\u001b[22m function initialized (http://127.0.0.1:5001/juniorfirebase-d7603/us-central1/getTitle_Mission)."}}
[info] +  functions[us-central1-getDescription_Mission]: http function initialized (http://127.0.0.1:5001/juniorfirebase-d7603/us-central1/getDescription_Mission). {"metadata":{"emulator":{"name":"functions"},"message":"\u001b[1mhttp\u001b[22m function initialized (http://127.0.0.1:5001/juniorfirebase-d7603/us-central1/getDescription_Mission)."}}
[info] +  functions[us-central1-getstatut_Mission]: http function initialized (http://127.0.0.1:5001/juniorfirebase-d7603/us-central1/getstatut_Mission). {"metadata":{"emulator":{"name":"functions"},"message":"\u001b[1mhttp\u001b[22m function initialized (http://127.0.0.1:5001/juniorfirebase-d7603/us-central1/getstatut_Mission)."}}
[info] +  functions[us-central1-getId_Mission]: http function initialized (http://127.0.0.1:5001/juniorfirebase-d7603/us-central1/getId_Mission). {"metadata":{"emulator":{"name":"functions"},"message":"\u001b[1mhttp\u001b[22m function initialized (http://127.0.0.1:5001/juniorfirebase-d7603/us-central1/getId_Mission)."}}
[info] +  functions[us-central1-getMission]: http function initialized (http://127.0.0.1:5001/juniorfirebase-d7603/us-central1/getMission). {"metadata":{"emulator":{"name":"functions"},"message":"\u001b[1mhttp\u001b[22m function initialized (http://127.0.0.1:5001/juniorfirebase-d7603/us-central1/getMission)."}}
[info] +  functions[us-central1-getArticle]: http function initialized (http://127.0.0.1:5001/juniorfirebase-d7603/us-central1/getArticle). {"metadata":{"emulator":{"name":"functions"},"message":"\u001b[1mhttp\u001b[22m function initialized (http://127.0.0.1:5001/juniorfirebase-d7603/us-central1/getArticle)."}}
[info] +  functions[us-central1-getEvenement]: http function initialized (http://127.0.0.1:5001/juniorfirebase-d7603/us-central1/getEvenement). {"metadata":{"emulator":{"name":"functions"},"message":"\u001b[1mhttp\u001b[22m function initialized (http://127.0.0.1:5001/juniorfirebase-d7603/us-central1/getEvenement)."}}
[debug] [2025-06-13T13:16:26.006Z] Could not find VSCode notification endpoint: FetchError: request to http://localhost:40001/vscode/notify failed, reason: connect ECONNREFUSED ::1:40001. If you are not running the Firebase Data Connect VSCode extension, this is expected and not an issue.
[info] 
┌─────────────────────────────────────────────────────────────┐
│ ✔  All emulators ready! It is now safe to connect your app. │
│ i  View Emulator UI at http://127.0.0.1:4000/               │
└─────────────────────────────────────────────────────────────┘

┌────────────┬──────────────┬──────────────────────────────────┐
│ Emulator   │ Host:Port    │ View in Emulator UI              │
├────────────┼──────────────┼──────────────────────────────────┤
│ Functions  │ 0.0.0.0:5001 │ http://127.0.0.1:4000/functions  │
├────────────┼──────────────┼──────────────────────────────────┤
│ Extensions │ 0.0.0.0:5001 │ http://127.0.0.1:4000/extensions │
└────────────┴──────────────┴──────────────────────────────────┘
  Emulator Hub host: 127.0.0.1 port: 4400
  Other reserved ports: 4500
┌─────────────────────────┬───────────────┬─────────────────────┐
│ Extension Instance Name │ Extension Ref │ View in Emulator UI │
└─────────────────────────┴───────────────┴─────────────────────┘
Issues? Report them at https://github.com/firebase/firebase-tools/issues and attach the *-debug.log files.
 
[debug] [2025-06-13T13:16:31.844Z] [work-queue] {"queuedWork":["/juniorfirebase-d7603/us-central1/getEvenement-2025-06-13T13:16:31.844Z"],"queueLength":1,"runningWork":[],"workRunningCount":0}
[debug] [2025-06-13T13:16:31.845Z] [work-queue] {"queuedWork":[],"queueLength":0,"runningWork":["/juniorfirebase-d7603/us-central1/getEvenement-2025-06-13T13:16:31.844Z"],"workRunningCount":1}
[debug] [2025-06-13T13:16:31.845Z] Accepted request GET /juniorfirebase-d7603/us-central1/getEvenement --> us-central1-getEvenement
[debug] [2025-06-13T13:16:31.852Z] [functions] Runtime ready! Sending request! {"metadata":{"emulator":{"name":"functions"},"message":"[functions] Runtime ready! Sending request!"}}
[debug] [2025-06-13T13:16:31.853Z] [functions] Got req.url=/juniorfirebase-d7603/us-central1/getEvenement, mapping to path=/ {"metadata":{"emulator":{"name":"functions"},"message":"[functions] Got req.url=/juniorfirebase-d7603/us-central1/getEvenement, mapping to path=/"}}
[info] i  functions: Loaded environment variables from .env. 
[debug] [2025-06-13T13:16:31.887Z] [worker-pool] addWorker(us-central1-getEvenement) {"metadata":{"emulator":{"name":"functions"},"message":"[worker-pool] addWorker(us-central1-getEvenement)"}}
[debug] [2025-06-13T13:16:31.889Z] [worker-pool] Adding worker with key us-central1-getEvenement, total=1 {"metadata":{"emulator":{"name":"functions"},"message":"[worker-pool] Adding worker with key us-central1-getEvenement, total=1"}}
[info] >  (node:11412) [DEP0040] DeprecationWarning: The `punycode` module is deprecated. Please use a userland alternative instead. {"user":"(node:11412) [DEP0040] DeprecationWarning: The `punycode` module is deprecated. Please use a userland alternative instead.","metadata":{"emulator":{"name":"functions"},"function":{"name":"us-central1-getEvenement"},"extension":{},"message":"\u001b[90m> \u001b[39m (node:11412) [DEP0040] DeprecationWarning: The `punycode` module is deprecated. Please use a userland alternative instead."}}
[info] >  (Use `node --trace-deprecation ...` to show where the warning was created) {"user":"(Use `node --trace-deprecation ...` to show where the warning was created)","metadata":{"emulator":{"name":"functions"},"function":{"name":"us-central1-getEvenement"},"extension":{},"message":"\u001b[90m> \u001b[39m (Use `node --trace-deprecation ...` to show where the warning was created)"}}
[debug] [2025-06-13T13:16:37.251Z] [runtime-status] [11412] Resolved module firebase-admin {"declared":true,"installed":true,"version":"12.7.0","resolution":"C:\\Users\\maxpe\\junior\\functions\\node_modules\\firebase-admin\\lib\\index.js"} {"metadata":{"emulator":{"name":"functions"},"function":{"name":"us-central1-getEvenement"},"extension":{},"message":"[runtime-status] [11412] Resolved module firebase-admin {\"declared\":true,\"installed\":true,\"version\":\"12.7.0\",\"resolution\":\"C:\\\\Users\\\\maxpe\\\\junior\\\\functions\\\\node_modules\\\\firebase-admin\\\\lib\\\\index.js\"}"}}
[debug] [2025-06-13T13:16:37.257Z] [runtime-status] [11412] Resolved module firebase-functions {"declared":true,"installed":true,"version":"6.3.2","resolution":"C:\\Users\\maxpe\\junior\\functions\\node_modules\\firebase-functions\\lib\\v2\\index.js"} {"metadata":{"emulator":{"name":"functions"},"function":{"name":"us-central1-getEvenement"},"extension":{},"message":"[runtime-status] [11412] Resolved module firebase-functions {\"declared\":true,\"installed\":true,\"version\":\"6.3.2\",\"resolution\":\"C:\\\\Users\\\\maxpe\\\\junior\\\\functions\\\\node_modules\\\\firebase-functions\\\\lib\\\\v2\\\\index.js\"}"}}
[debug] [2025-06-13T13:16:37.264Z] [runtime-status] [11412] Outgoing network have been stubbed. [{"name":"http","status":"mocked"},{"name":"http","status":"mocked"},{"name":"https","status":"mocked"},{"name":"https","status":"mocked"},{"name":"net","status":"mocked"}] {"metadata":{"emulator":{"name":"functions"},"function":{"name":"us-central1-getEvenement"},"extension":{},"message":"[runtime-status] [11412] Outgoing network have been stubbed. [{\"name\":\"http\",\"status\":\"mocked\"},{\"name\":\"http\",\"status\":\"mocked\"},{\"name\":\"https\",\"status\":\"mocked\"},{\"name\":\"https\",\"status\":\"mocked\"},{\"name\":\"net\",\"status\":\"mocked\"}]"}}
[debug] [2025-06-13T13:16:37.268Z] [runtime-status] [11412] Resolved module firebase-functions {"declared":true,"installed":true,"version":"6.3.2","resolution":"C:\\Users\\maxpe\\junior\\functions\\node_modules\\firebase-functions\\lib\\v2\\index.js"} {"metadata":{"emulator":{"name":"functions"},"function":{"name":"us-central1-getEvenement"},"extension":{},"message":"[runtime-status] [11412] Resolved module firebase-functions {\"declared\":true,\"installed\":true,\"version\":\"6.3.2\",\"resolution\":\"C:\\\\Users\\\\maxpe\\\\junior\\\\functions\\\\node_modules\\\\firebase-functions\\\\lib\\\\v2\\\\index.js\"}"}}
[debug] [2025-06-13T13:16:38.900Z] [runtime-status] [11412] Checked functions.config() {"config":{}} {"metadata":{"emulator":{"name":"functions"},"function":{"name":"us-central1-getEvenement"},"extension":{},"message":"[runtime-status] [11412] Checked functions.config() {\"config\":{}}"}}
[debug] [2025-06-13T13:16:38.900Z] [runtime-status] [11412] firebase-functions has been stubbed. {"functionsResolution":{"declared":true,"installed":true,"version":"6.3.2","resolution":"C:\\Users\\maxpe\\junior\\functions\\node_modules\\firebase-functions\\lib\\v2\\index.js"}} {"metadata":{"emulator":{"name":"functions"},"function":{"name":"us-central1-getEvenement"},"extension":{},"message":"[runtime-status] [11412] firebase-functions has been stubbed. {\"functionsResolution\":{\"declared\":true,\"installed\":true,\"version\":\"6.3.2\",\"resolution\":\"C:\\\\Users\\\\maxpe\\\\junior\\\\functions\\\\node_modules\\\\firebase-functions\\\\lib\\\\v2\\\\index.js\"}}"}}
[debug] [2025-06-13T13:16:38.903Z] [runtime-status] [11412] Resolved module firebase-functions {"declared":true,"installed":true,"version":"6.3.2","resolution":"C:\\Users\\maxpe\\junior\\functions\\node_modules\\firebase-functions\\lib\\v2\\index.js"} {"metadata":{"emulator":{"name":"functions"},"function":{"name":"us-central1-getEvenement"},"extension":{},"message":"[runtime-status] [11412] Resolved module firebase-functions {\"declared\":true,\"installed\":true,\"version\":\"6.3.2\",\"resolution\":\"C:\\\\Users\\\\maxpe\\\\junior\\\\functions\\\\node_modules\\\\firebase-functions\\\\lib\\\\v2\\\\index.js\"}"}}
[debug] [2025-06-13T13:16:38.934Z] [runtime-status] [11412] Resolved module firebase-admin {"declared":true,"installed":true,"version":"12.7.0","resolution":"C:\\Users\\maxpe\\junior\\functions\\node_modules\\firebase-admin\\lib\\index.js"} {"metadata":{"emulator":{"name":"functions"},"function":{"name":"us-central1-getEvenement"},"extension":{},"message":"[runtime-status] [11412] Resolved module firebase-admin {\"declared\":true,\"installed\":true,\"version\":\"12.7.0\",\"resolution\":\"C:\\\\Users\\\\maxpe\\\\junior\\\\functions\\\\node_modules\\\\firebase-admin\\\\lib\\\\index.js\"}"}}
[debug] [2025-06-13T13:16:38.948Z] [runtime-status] [11412] Resolved module firebase-functions {"declared":true,"installed":true,"version":"6.3.2","resolution":"C:\\Users\\maxpe\\junior\\functions\\node_modules\\firebase-functions\\lib\\v2\\index.js"} {"metadata":{"emulator":{"name":"functions"},"function":{"name":"us-central1-getEvenement"},"extension":{},"message":"[runtime-status] [11412] Resolved module firebase-functions {\"declared\":true,\"installed\":true,\"version\":\"6.3.2\",\"resolution\":\"C:\\\\Users\\\\maxpe\\\\junior\\\\functions\\\\node_modules\\\\firebase-functions\\\\lib\\\\v2\\\\index.js\"}"}}
[debug] [2025-06-13T13:16:38.948Z] [runtime-status] [11412] firebase-admin has been stubbed. {"adminResolution":{"declared":true,"installed":true,"version":"12.7.0","resolution":"C:\\Users\\maxpe\\junior\\functions\\node_modules\\firebase-admin\\lib\\index.js"}} {"metadata":{"emulator":{"name":"functions"},"function":{"name":"us-central1-getEvenement"},"extension":{},"message":"[runtime-status] [11412] firebase-admin has been stubbed. {\"adminResolution\":{\"declared\":true,\"installed\":true,\"version\":\"12.7.0\",\"resolution\":\"C:\\\\Users\\\\maxpe\\\\junior\\\\functions\\\\node_modules\\\\firebase-admin\\\\lib\\\\index.js\"}}"}}
[debug] [2025-06-13T13:16:39.284Z] [runtime-status] [11412] Functions runtime initialized. {"cwd":"C:\\Users\\maxpe\\junior\\functions","node_version":"22.12.0"} {"metadata":{"emulator":{"name":"functions"},"function":{"name":"us-central1-getEvenement"},"extension":{},"message":"[runtime-status] [11412] Functions runtime initialized. {\"cwd\":\"C:\\\\Users\\\\maxpe\\\\junior\\\\functions\",\"node_version\":\"22.12.0\"}"}}
[debug] [2025-06-13T13:16:39.285Z] [runtime-status] [11412] Listening to port: \\?\pipe\fire_emu_5c4c1edde5a15add {"metadata":{"emulator":{"name":"functions"},"function":{"name":"us-central1-getEvenement"},"extension":{},"message":"[runtime-status] [11412] Listening to port: \\\\?\\pipe\\fire_emu_5c4c1edde5a15add"}}
[debug] [2025-06-13T13:16:39.337Z] [worker-us-central1-getEvenement-7db4a451-7332-4412-93d6-df46683ab842]: IDLE {"metadata":{"emulator":{"name":"functions"},"function":{"name":"us-central1-getEvenement"},"extension":{},"message":"[worker-us-central1-getEvenement-7db4a451-7332-4412-93d6-df46683ab842]: IDLE"}}
[debug] [2025-06-13T13:16:39.337Z] [worker-pool] submitRequest(triggerId=us-central1-getEvenement) {"metadata":{"emulator":{"name":"functions"},"message":"[worker-pool] submitRequest(triggerId=us-central1-getEvenement)"}}
[info] i  functions: Beginning execution of "us-central1-getEvenement" {"metadata":{"emulator":{"name":"functions"},"function":{"name":"us-central1-getEvenement"},"extension":{},"message":"Beginning execution of \"us-central1-getEvenement\""}}
[debug] [2025-06-13T13:16:39.338Z] [worker-us-central1-getEvenement-7db4a451-7332-4412-93d6-df46683ab842]: BUSY {"metadata":{"emulator":{"name":"functions"},"function":{"name":"us-central1-getEvenement"},"extension":{},"message":"[worker-us-central1-getEvenement-7db4a451-7332-4412-93d6-df46683ab842]: BUSY"}}
[debug] [2025-06-13T13:16:39.501Z] Finishing up request with event=pause {"metadata":{"emulator":{"name":"functions"},"function":{"name":"us-central1-getEvenement"},"extension":{},"message":"Finishing up request with event=pause"}}
[info] i  functions: Finished "us-central1-getEvenement" in 162.7541ms {"metadata":{"emulator":{"name":"functions"},"function":{"name":"us-central1-getEvenement"},"extension":{},"message":"Finished \"us-central1-getEvenement\" in 162.7541ms"}}
[debug] [2025-06-13T13:16:39.502Z] [worker-us-central1-getEvenement-7db4a451-7332-4412-93d6-df46683ab842]: IDLE {"metadata":{"emulator":{"name":"functions"},"function":{"name":"us-central1-getEvenement"},"extension":{},"message":"[worker-us-central1-getEvenement-7db4a451-7332-4412-93d6-df46683ab842]: IDLE"}}
[debug] [2025-06-13T13:16:39.502Z] Finishing up request with event=finish {"metadata":{"emulator":{"name":"functions"},"function":{"name":"us-central1-getEvenement"},"extension":{},"message":"Finishing up request with event=finish"}}
[debug] [2025-06-13T13:16:39.503Z] Finishing up request with event=close {"metadata":{"emulator":{"name":"functions"},"function":{"name":"us-central1-getEvenement"},"extension":{},"message":"Finishing up request with event=close"}}
[debug] [2025-06-13T13:16:39.503Z] [work-queue] {"queuedWork":[],"queueLength":0,"runningWork":[],"workRunningCount":0}
[debug] [2025-06-13T13:16:39.758Z] Functions emulator received unknown request at path /favicon.ico
[debug] [2025-06-13T13:21:12.694Z] [work-queue] {"queuedWork":["/juniorfirebase-d7603/us-central1/getTitle_Mission-2025-06-13T13:21:12.694Z"],"queueLength":1,"runningWork":[],"workRunningCount":0}
[debug] [2025-06-13T13:21:12.694Z] [work-queue] {"queuedWork":[],"queueLength":0,"runningWork":["/juniorfirebase-d7603/us-central1/getTitle_Mission-2025-06-13T13:21:12.694Z"],"workRunningCount":1}
[debug] [2025-06-13T13:21:12.695Z] Accepted request GET /juniorfirebase-d7603/us-central1/getTitle_Mission --> us-central1-getTitle_Mission
[debug] [2025-06-13T13:21:12.701Z] [functions] Runtime ready! Sending request! {"metadata":{"emulator":{"name":"functions"},"message":"[functions] Runtime ready! Sending request!"}}
[debug] [2025-06-13T13:21:12.701Z] [functions] Got req.url=/juniorfirebase-d7603/us-central1/getTitle_Mission, mapping to path=/ {"metadata":{"emulator":{"name":"functions"},"message":"[functions] Got req.url=/juniorfirebase-d7603/us-central1/getTitle_Mission, mapping to path=/"}}
[info] i  functions: Loaded environment variables from .env. 
[debug] [2025-06-13T13:21:12.723Z] [worker-pool] addWorker(us-central1-getTitle_Mission) {"metadata":{"emulator":{"name":"functions"},"message":"[worker-pool] addWorker(us-central1-getTitle_Mission)"}}
[debug] [2025-06-13T13:21:12.724Z] [worker-pool] Adding worker with key us-central1-getTitle_Mission, total=1 {"metadata":{"emulator":{"name":"functions"},"message":"[worker-pool] Adding worker with key us-central1-getTitle_Mission, total=1"}}
[info] >  (node:17096) [DEP0040] DeprecationWarning: The `punycode` module is deprecated. Please use a userland alternative instead. {"user":"(node:17096) [DEP0040] DeprecationWarning: The `punycode` module is deprecated. Please use a userland alternative instead.","metadata":{"emulator":{"name":"functions"},"function":{"name":"us-central1-getTitle_Mission"},"extension":{},"message":"\u001b[90m> \u001b[39m (node:17096) [DEP0040] DeprecationWarning: The `punycode` module is deprecated. Please use a userland alternative instead."}}
[info] >  (Use `node --trace-deprecation ...` to show where the warning was created) {"user":"(Use `node --trace-deprecation ...` to show where the warning was created)","metadata":{"emulator":{"name":"functions"},"function":{"name":"us-central1-getTitle_Mission"},"extension":{},"message":"\u001b[90m> \u001b[39m (Use `node --trace-deprecation ...` to show where the warning was created)"}}
[debug] [2025-06-13T13:21:15.046Z] [runtime-status] [17096] Resolved module firebase-admin {"declared":true,"installed":true,"version":"12.7.0","resolution":"C:\\Users\\maxpe\\junior\\functions\\node_modules\\firebase-admin\\lib\\index.js"} {"metadata":{"emulator":{"name":"functions"},"function":{"name":"us-central1-getTitle_Mission"},"extension":{},"message":"[runtime-status] [17096] Resolved module firebase-admin {\"declared\":true,\"installed\":true,\"version\":\"12.7.0\",\"resolution\":\"C:\\\\Users\\\\maxpe\\\\junior\\\\functions\\\\node_modules\\\\firebase-admin\\\\lib\\\\index.js\"}"}}
[debug] [2025-06-13T13:21:15.052Z] [runtime-status] [17096] Resolved module firebase-functions {"declared":true,"installed":true,"version":"6.3.2","resolution":"C:\\Users\\maxpe\\junior\\functions\\node_modules\\firebase-functions\\lib\\v2\\index.js"} {"metadata":{"emulator":{"name":"functions"},"function":{"name":"us-central1-getTitle_Mission"},"extension":{},"message":"[runtime-status] [17096] Resolved module firebase-functions {\"declared\":true,\"installed\":true,\"version\":\"6.3.2\",\"resolution\":\"C:\\\\Users\\\\maxpe\\\\junior\\\\functions\\\\node_modules\\\\firebase-functions\\\\lib\\\\v2\\\\index.js\"}"}}
[debug] [2025-06-13T13:21:15.053Z] [runtime-status] [17096] Outgoing network have been stubbed. [{"name":"http","status":"mocked"},{"name":"http","status":"mocked"},{"name":"https","status":"mocked"},{"name":"https","status":"mocked"},{"name":"net","status":"mocked"}] {"metadata":{"emulator":{"name":"functions"},"function":{"name":"us-central1-getTitle_Mission"},"extension":{},"message":"[runtime-status] [17096] Outgoing network have been stubbed. [{\"name\":\"http\",\"status\":\"mocked\"},{\"name\":\"http\",\"status\":\"mocked\"},{\"name\":\"https\",\"status\":\"mocked\"},{\"name\":\"https\",\"status\":\"mocked\"},{\"name\":\"net\",\"status\":\"mocked\"}]"}}
[debug] [2025-06-13T13:21:15.054Z] [runtime-status] [17096] Resolved module firebase-functions {"declared":true,"installed":true,"version":"6.3.2","resolution":"C:\\Users\\maxpe\\junior\\functions\\node_modules\\firebase-functions\\lib\\v2\\index.js"} {"metadata":{"emulator":{"name":"functions"},"function":{"name":"us-central1-getTitle_Mission"},"extension":{},"message":"[runtime-status] [17096] Resolved module firebase-functions {\"declared\":true,\"installed\":true,\"version\":\"6.3.2\",\"resolution\":\"C:\\\\Users\\\\maxpe\\\\junior\\\\functions\\\\node_modules\\\\firebase-functions\\\\lib\\\\v2\\\\index.js\"}"}}
[debug] [2025-06-13T13:21:15.909Z] [runtime-status] [17096] Checked functions.config() {"config":{}} {"metadata":{"emulator":{"name":"functions"},"function":{"name":"us-central1-getTitle_Mission"},"extension":{},"message":"[runtime-status] [17096] Checked functions.config() {\"config\":{}}"}}
[debug] [2025-06-13T13:21:15.909Z] [runtime-status] [17096] firebase-functions has been stubbed. {"functionsResolution":{"declared":true,"installed":true,"version":"6.3.2","resolution":"C:\\Users\\maxpe\\junior\\functions\\node_modules\\firebase-functions\\lib\\v2\\index.js"}} {"metadata":{"emulator":{"name":"functions"},"function":{"name":"us-central1-getTitle_Mission"},"extension":{},"message":"[runtime-status] [17096] firebase-functions has been stubbed. {\"functionsResolution\":{\"declared\":true,\"installed\":true,\"version\":\"6.3.2\",\"resolution\":\"C:\\\\Users\\\\maxpe\\\\junior\\\\functions\\\\node_modules\\\\firebase-functions\\\\lib\\\\v2\\\\index.js\"}}"}}
[debug] [2025-06-13T13:21:15.912Z] [runtime-status] [17096] Resolved module firebase-functions {"declared":true,"installed":true,"version":"6.3.2","resolution":"C:\\Users\\maxpe\\junior\\functions\\node_modules\\firebase-functions\\lib\\v2\\index.js"} {"metadata":{"emulator":{"name":"functions"},"function":{"name":"us-central1-getTitle_Mission"},"extension":{},"message":"[runtime-status] [17096] Resolved module firebase-functions {\"declared\":true,\"installed\":true,\"version\":\"6.3.2\",\"resolution\":\"C:\\\\Users\\\\maxpe\\\\junior\\\\functions\\\\node_modules\\\\firebase-functions\\\\lib\\\\v2\\\\index.js\"}"}}
[debug] [2025-06-13T13:21:15.932Z] [runtime-status] [17096] Resolved module firebase-admin {"declared":true,"installed":true,"version":"12.7.0","resolution":"C:\\Users\\maxpe\\junior\\functions\\node_modules\\firebase-admin\\lib\\index.js"} {"metadata":{"emulator":{"name":"functions"},"function":{"name":"us-central1-getTitle_Mission"},"extension":{},"message":"[runtime-status] [17096] Resolved module firebase-admin {\"declared\":true,\"installed\":true,\"version\":\"12.7.0\",\"resolution\":\"C:\\\\Users\\\\maxpe\\\\junior\\\\functions\\\\node_modules\\\\firebase-admin\\\\lib\\\\index.js\"}"}}
[debug] [2025-06-13T13:21:15.940Z] [runtime-status] [17096] Resolved module firebase-functions {"declared":true,"installed":true,"version":"6.3.2","resolution":"C:\\Users\\maxpe\\junior\\functions\\node_modules\\firebase-functions\\lib\\v2\\index.js"} {"metadata":{"emulator":{"name":"functions"},"function":{"name":"us-central1-getTitle_Mission"},"extension":{},"message":"[runtime-status] [17096] Resolved module firebase-functions {\"declared\":true,\"installed\":true,\"version\":\"6.3.2\",\"resolution\":\"C:\\\\Users\\\\maxpe\\\\junior\\\\functions\\\\node_modules\\\\firebase-functions\\\\lib\\\\v2\\\\index.js\"}"}}
[debug] [2025-06-13T13:21:15.940Z] [runtime-status] [17096] firebase-admin has been stubbed. {"adminResolution":{"declared":true,"installed":true,"version":"12.7.0","resolution":"C:\\Users\\maxpe\\junior\\functions\\node_modules\\firebase-admin\\lib\\index.js"}} {"metadata":{"emulator":{"name":"functions"},"function":{"name":"us-central1-getTitle_Mission"},"extension":{},"message":"[runtime-status] [17096] firebase-admin has been stubbed. {\"adminResolution\":{\"declared\":true,\"installed\":true,\"version\":\"12.7.0\",\"resolution\":\"C:\\\\Users\\\\maxpe\\\\junior\\\\functions\\\\node_modules\\\\firebase-admin\\\\lib\\\\index.js\"}}"}}
[debug] [2025-06-13T13:21:16.147Z] [runtime-status] [17096] Functions runtime initialized. {"cwd":"C:\\Users\\maxpe\\junior\\functions","node_version":"22.12.0"} {"metadata":{"emulator":{"name":"functions"},"function":{"name":"us-central1-getTitle_Mission"},"extension":{},"message":"[runtime-status] [17096] Functions runtime initialized. {\"cwd\":\"C:\\\\Users\\\\maxpe\\\\junior\\\\functions\",\"node_version\":\"22.12.0\"}"}}
[debug] [2025-06-13T13:21:16.148Z] [runtime-status] [17096] Listening to port: \\?\pipe\fire_emu_bc5fc931fa9413e3 {"metadata":{"emulator":{"name":"functions"},"function":{"name":"us-central1-getTitle_Mission"},"extension":{},"message":"[runtime-status] [17096] Listening to port: \\\\?\\pipe\\fire_emu_bc5fc931fa9413e3"}}
[debug] [2025-06-13T13:21:16.219Z] [worker-us-central1-getTitle_Mission-efe0d085-7409-44ce-bee5-e23ae1cf5a43]: IDLE {"metadata":{"emulator":{"name":"functions"},"function":{"name":"us-central1-getTitle_Mission"},"extension":{},"message":"[worker-us-central1-getTitle_Mission-efe0d085-7409-44ce-bee5-e23ae1cf5a43]: IDLE"}}
[debug] [2025-06-13T13:21:16.219Z] [worker-pool] submitRequest(triggerId=us-central1-getTitle_Mission) {"metadata":{"emulator":{"name":"functions"},"message":"[worker-pool] submitRequest(triggerId=us-central1-getTitle_Mission)"}}
[info] i  functions: Beginning execution of "us-central1-getTitle_Mission" {"metadata":{"emulator":{"name":"functions"},"function":{"name":"us-central1-getTitle_Mission"},"extension":{},"message":"Beginning execution of \"us-central1-getTitle_Mission\""}}
[debug] [2025-06-13T13:21:16.220Z] [worker-us-central1-getTitle_Mission-efe0d085-7409-44ce-bee5-e23ae1cf5a43]: BUSY {"metadata":{"emulator":{"name":"functions"},"function":{"name":"us-central1-getTitle_Mission"},"extension":{},"message":"[worker-us-central1-getTitle_Mission-efe0d085-7409-44ce-bee5-e23ae1cf5a43]: BUSY"}}
[debug] [2025-06-13T13:21:16.316Z] Finishing up request with event=pause {"metadata":{"emulator":{"name":"functions"},"function":{"name":"us-central1-getTitle_Mission"},"extension":{},"message":"Finishing up request with event=pause"}}
[info] i  functions: Finished "us-central1-getTitle_Mission" in 96.6816ms {"metadata":{"emulator":{"name":"functions"},"function":{"name":"us-central1-getTitle_Mission"},"extension":{},"message":"Finished \"us-central1-getTitle_Mission\" in 96.6816ms"}}
[debug] [2025-06-13T13:21:16.318Z] [worker-us-central1-getTitle_Mission-efe0d085-7409-44ce-bee5-e23ae1cf5a43]: IDLE {"metadata":{"emulator":{"name":"functions"},"function":{"name":"us-central1-getTitle_Mission"},"extension":{},"message":"[worker-us-central1-getTitle_Mission-efe0d085-7409-44ce-bee5-e23ae1cf5a43]: IDLE"}}
[debug] [2025-06-13T13:21:16.319Z] Finishing up request with event=finish {"metadata":{"emulator":{"name":"functions"},"function":{"name":"us-central1-getTitle_Mission"},"extension":{},"message":"Finishing up request with event=finish"}}
[debug] [2025-06-13T13:21:16.319Z] Finishing up request with event=close {"metadata":{"emulator":{"name":"functions"},"function":{"name":"us-central1-getTitle_Mission"},"extension":{},"message":"Finishing up request with event=close"}}
[debug] [2025-06-13T13:21:16.319Z] [work-queue] {"queuedWork":[],"queueLength":0,"runningWork":[],"workRunningCount":0}
[debug] [2025-06-13T13:21:16.366Z] [work-queue] {"queuedWork":["/juniorfirebase-d7603/us-central1/getDescription_Mission-2025-06-13T13:21:16.366Z"],"queueLength":1,"runningWork":[],"workRunningCount":0}
[debug] [2025-06-13T13:21:16.367Z] [work-queue] {"queuedWork":[],"queueLength":0,"runningWork":["/juniorfirebase-d7603/us-central1/getDescription_Mission-2025-06-13T13:21:16.366Z"],"workRunningCount":1}
[debug] [2025-06-13T13:21:16.367Z] Accepted request GET /juniorfirebase-d7603/us-central1/getDescription_Mission --> us-central1-getDescription_Mission
[debug] [2025-06-13T13:21:16.368Z] [functions] Runtime ready! Sending request! {"metadata":{"emulator":{"name":"functions"},"message":"[functions] Runtime ready! Sending request!"}}
[debug] [2025-06-13T13:21:16.368Z] [functions] Got req.url=/juniorfirebase-d7603/us-central1/getDescription_Mission, mapping to path=/ {"metadata":{"emulator":{"name":"functions"},"message":"[functions] Got req.url=/juniorfirebase-d7603/us-central1/getDescription_Mission, mapping to path=/"}}
[info] i  functions: Loaded environment variables from .env. 
[debug] [2025-06-13T13:21:16.386Z] [worker-pool] addWorker(us-central1-getDescription_Mission) {"metadata":{"emulator":{"name":"functions"},"message":"[worker-pool] addWorker(us-central1-getDescription_Mission)"}}
[debug] [2025-06-13T13:21:16.387Z] [worker-pool] Adding worker with key us-central1-getDescription_Mission, total=1 {"metadata":{"emulator":{"name":"functions"},"message":"[worker-pool] Adding worker with key us-central1-getDescription_Mission, total=1"}}
[info] >  (node:25384) [DEP0040] DeprecationWarning: The `punycode` module is deprecated. Please use a userland alternative instead. {"user":"(node:25384) [DEP0040] DeprecationWarning: The `punycode` module is deprecated. Please use a userland alternative instead.","metadata":{"emulator":{"name":"functions"},"function":{"name":"us-central1-getDescription_Mission"},"extension":{},"message":"\u001b[90m> \u001b[39m (node:25384) [DEP0040] DeprecationWarning: The `punycode` module is deprecated. Please use a userland alternative instead."}}
[info] >  (Use `node --trace-deprecation ...` to show where the warning was created) {"user":"(Use `node --trace-deprecation ...` to show where the warning was created)","metadata":{"emulator":{"name":"functions"},"function":{"name":"us-central1-getDescription_Mission"},"extension":{},"message":"\u001b[90m> \u001b[39m (Use `node --trace-deprecation ...` to show where the warning was created)"}}
[debug] [2025-06-13T13:21:18.020Z] [runtime-status] [25384] Resolved module firebase-admin {"declared":true,"installed":true,"version":"12.7.0","resolution":"C:\\Users\\maxpe\\junior\\functions\\node_modules\\firebase-admin\\lib\\index.js"} {"metadata":{"emulator":{"name":"functions"},"function":{"name":"us-central1-getDescription_Mission"},"extension":{},"message":"[runtime-status] [25384] Resolved module firebase-admin {\"declared\":true,\"installed\":true,\"version\":\"12.7.0\",\"resolution\":\"C:\\\\Users\\\\maxpe\\\\junior\\\\functions\\\\node_modules\\\\firebase-admin\\\\lib\\\\index.js\"}"}}
[debug] [2025-06-13T13:21:18.022Z] [runtime-status] [25384] Resolved module firebase-functions {"declared":true,"installed":true,"version":"6.3.2","resolution":"C:\\Users\\maxpe\\junior\\functions\\node_modules\\firebase-functions\\lib\\v2\\index.js"} {"metadata":{"emulator":{"name":"functions"},"function":{"name":"us-central1-getDescription_Mission"},"extension":{},"message":"[runtime-status] [25384] Resolved module firebase-functions {\"declared\":true,\"installed\":true,\"version\":\"6.3.2\",\"resolution\":\"C:\\\\Users\\\\maxpe\\\\junior\\\\functions\\\\node_modules\\\\firebase-functions\\\\lib\\\\v2\\\\index.js\"}"}}
[debug] [2025-06-13T13:21:18.022Z] [runtime-status] [25384] Outgoing network have been stubbed. [{"name":"http","status":"mocked"},{"name":"http","status":"mocked"},{"name":"https","status":"mocked"},{"name":"https","status":"mocked"},{"name":"net","status":"mocked"}] {"metadata":{"emulator":{"name":"functions"},"function":{"name":"us-central1-getDescription_Mission"},"extension":{},"message":"[runtime-status] [25384] Outgoing network have been stubbed. [{\"name\":\"http\",\"status\":\"mocked\"},{\"name\":\"http\",\"status\":\"mocked\"},{\"name\":\"https\",\"status\":\"mocked\"},{\"name\":\"https\",\"status\":\"mocked\"},{\"name\":\"net\",\"status\":\"mocked\"}]"}}
[debug] [2025-06-13T13:21:18.023Z] [runtime-status] [25384] Resolved module firebase-functions {"declared":true,"installed":true,"version":"6.3.2","resolution":"C:\\Users\\maxpe\\junior\\functions\\node_modules\\firebase-functions\\lib\\v2\\index.js"} {"metadata":{"emulator":{"name":"functions"},"function":{"name":"us-central1-getDescription_Mission"},"extension":{},"message":"[runtime-status] [25384] Resolved module firebase-functions {\"declared\":true,\"installed\":true,\"version\":\"6.3.2\",\"resolution\":\"C:\\\\Users\\\\maxpe\\\\junior\\\\functions\\\\node_modules\\\\firebase-functions\\\\lib\\\\v2\\\\index.js\"}"}}
[debug] [2025-06-13T13:21:18.539Z] [runtime-status] [25384] Checked functions.config() {"config":{}} {"metadata":{"emulator":{"name":"functions"},"function":{"name":"us-central1-getDescription_Mission"},"extension":{},"message":"[runtime-status] [25384] Checked functions.config() {\"config\":{}}"}}
[debug] [2025-06-13T13:21:18.540Z] [runtime-status] [25384] firebase-functions has been stubbed. {"functionsResolution":{"declared":true,"installed":true,"version":"6.3.2","resolution":"C:\\Users\\maxpe\\junior\\functions\\node_modules\\firebase-functions\\lib\\v2\\index.js"}} {"metadata":{"emulator":{"name":"functions"},"function":{"name":"us-central1-getDescription_Mission"},"extension":{},"message":"[runtime-status] [25384] firebase-functions has been stubbed. {\"functionsResolution\":{\"declared\":true,\"installed\":true,\"version\":\"6.3.2\",\"resolution\":\"C:\\\\Users\\\\maxpe\\\\junior\\\\functions\\\\node_modules\\\\firebase-functions\\\\lib\\\\v2\\\\index.js\"}}"}}
[debug] [2025-06-13T13:21:18.541Z] [runtime-status] [25384] Resolved module firebase-functions {"declared":true,"installed":true,"version":"6.3.2","resolution":"C:\\Users\\maxpe\\junior\\functions\\node_modules\\firebase-functions\\lib\\v2\\index.js"} {"metadata":{"emulator":{"name":"functions"},"function":{"name":"us-central1-getDescription_Mission"},"extension":{},"message":"[runtime-status] [25384] Resolved module firebase-functions {\"declared\":true,\"installed\":true,\"version\":\"6.3.2\",\"resolution\":\"C:\\\\Users\\\\maxpe\\\\junior\\\\functions\\\\node_modules\\\\firebase-functions\\\\lib\\\\v2\\\\index.js\"}"}}
[debug] [2025-06-13T13:21:18.548Z] [runtime-status] [25384] Resolved module firebase-admin {"declared":true,"installed":true,"version":"12.7.0","resolution":"C:\\Users\\maxpe\\junior\\functions\\node_modules\\firebase-admin\\lib\\index.js"} {"metadata":{"emulator":{"name":"functions"},"function":{"name":"us-central1-getDescription_Mission"},"extension":{},"message":"[runtime-status] [25384] Resolved module firebase-admin {\"declared\":true,\"installed\":true,\"version\":\"12.7.0\",\"resolution\":\"C:\\\\Users\\\\maxpe\\\\junior\\\\functions\\\\node_modules\\\\firebase-admin\\\\lib\\\\index.js\"}"}}
[debug] [2025-06-13T13:21:18.551Z] [runtime-status] [25384] Resolved module firebase-functions {"declared":true,"installed":true,"version":"6.3.2","resolution":"C:\\Users\\maxpe\\junior\\functions\\node_modules\\firebase-functions\\lib\\v2\\index.js"} {"metadata":{"emulator":{"name":"functions"},"function":{"name":"us-central1-getDescription_Mission"},"extension":{},"message":"[runtime-status] [25384] Resolved module firebase-functions {\"declared\":true,\"installed\":true,\"version\":\"6.3.2\",\"resolution\":\"C:\\\\Users\\\\maxpe\\\\junior\\\\functions\\\\node_modules\\\\firebase-functions\\\\lib\\\\v2\\\\index.js\"}"}}
[debug] [2025-06-13T13:21:18.552Z] [runtime-status] [25384] firebase-admin has been stubbed. {"adminResolution":{"declared":true,"installed":true,"version":"12.7.0","resolution":"C:\\Users\\maxpe\\junior\\functions\\node_modules\\firebase-admin\\lib\\index.js"}} {"metadata":{"emulator":{"name":"functions"},"function":{"name":"us-central1-getDescription_Mission"},"extension":{},"message":"[runtime-status] [25384] firebase-admin has been stubbed. {\"adminResolution\":{\"declared\":true,\"installed\":true,\"version\":\"12.7.0\",\"resolution\":\"C:\\\\Users\\\\maxpe\\\\junior\\\\functions\\\\node_modules\\\\firebase-admin\\\\lib\\\\index.js\"}}"}}
[debug] [2025-06-13T13:21:18.665Z] [runtime-status] [25384] Functions runtime initialized. {"cwd":"C:\\Users\\maxpe\\junior\\functions","node_version":"22.12.0"} {"metadata":{"emulator":{"name":"functions"},"function":{"name":"us-central1-getDescription_Mission"},"extension":{},"message":"[runtime-status] [25384] Functions runtime initialized. {\"cwd\":\"C:\\\\Users\\\\maxpe\\\\junior\\\\functions\",\"node_version\":\"22.12.0\"}"}}
[debug] [2025-06-13T13:21:18.666Z] [runtime-status] [25384] Listening to port: \\?\pipe\fire_emu_0930e9c58f693993 {"metadata":{"emulator":{"name":"functions"},"function":{"name":"us-central1-getDescription_Mission"},"extension":{},"message":"[runtime-status] [25384] Listening to port: \\\\?\\pipe\\fire_emu_0930e9c58f693993"}}
[debug] [2025-06-13T13:21:18.686Z] [worker-us-central1-getDescription_Mission-3eb66778-e12d-412e-9017-c01537e89f2b]: IDLE {"metadata":{"emulator":{"name":"functions"},"function":{"name":"us-central1-getDescription_Mission"},"extension":{},"message":"[worker-us-central1-getDescription_Mission-3eb66778-e12d-412e-9017-c01537e89f2b]: IDLE"}}
[debug] [2025-06-13T13:21:18.687Z] [worker-pool] submitRequest(triggerId=us-central1-getDescription_Mission) {"metadata":{"emulator":{"name":"functions"},"message":"[worker-pool] submitRequest(triggerId=us-central1-getDescription_Mission)"}}
[info] i  functions: Beginning execution of "us-central1-getDescription_Mission" {"metadata":{"emulator":{"name":"functions"},"function":{"name":"us-central1-getDescription_Mission"},"extension":{},"message":"Beginning execution of \"us-central1-getDescription_Mission\""}}
[debug] [2025-06-13T13:21:18.687Z] [worker-us-central1-getDescription_Mission-3eb66778-e12d-412e-9017-c01537e89f2b]: BUSY {"metadata":{"emulator":{"name":"functions"},"function":{"name":"us-central1-getDescription_Mission"},"extension":{},"message":"[worker-us-central1-getDescription_Mission-3eb66778-e12d-412e-9017-c01537e89f2b]: BUSY"}}
[debug] [2025-06-13T13:21:18.749Z] Finishing up request with event=pause {"metadata":{"emulator":{"name":"functions"},"function":{"name":"us-central1-getDescription_Mission"},"extension":{},"message":"Finishing up request with event=pause"}}
[info] i  functions: Finished "us-central1-getDescription_Mission" in 61.7599ms {"metadata":{"emulator":{"name":"functions"},"function":{"name":"us-central1-getDescription_Mission"},"extension":{},"message":"Finished \"us-central1-getDescription_Mission\" in 61.7599ms"}}
[debug] [2025-06-13T13:21:18.751Z] [worker-us-central1-getDescription_Mission-3eb66778-e12d-412e-9017-c01537e89f2b]: IDLE {"metadata":{"emulator":{"name":"functions"},"function":{"name":"us-central1-getDescription_Mission"},"extension":{},"message":"[worker-us-central1-getDescription_Mission-3eb66778-e12d-412e-9017-c01537e89f2b]: IDLE"}}
[debug] [2025-06-13T13:21:18.752Z] Finishing up request with event=finish {"metadata":{"emulator":{"name":"functions"},"function":{"name":"us-central1-getDescription_Mission"},"extension":{},"message":"Finishing up request with event=finish"}}
[debug] [2025-06-13T13:21:18.752Z] Finishing up request with event=close {"metadata":{"emulator":{"name":"functions"},"function":{"name":"us-central1-getDescription_Mission"},"extension":{},"message":"Finishing up request with event=close"}}
[debug] [2025-06-13T13:21:18.752Z] [work-queue] {"queuedWork":[],"queueLength":0,"runningWork":[],"workRunningCount":0}
[debug] [2025-06-13T13:21:18.809Z] [work-queue] {"queuedWork":["/juniorfirebase-d7603/us-central1/getId_Mission-2025-06-13T13:21:18.809Z"],"queueLength":1,"runningWork":[],"workRunningCount":0}
[debug] [2025-06-13T13:21:18.810Z] [work-queue] {"queuedWork":[],"queueLength":0,"runningWork":["/juniorfirebase-d7603/us-central1/getId_Mission-2025-06-13T13:21:18.809Z"],"workRunningCount":1}
[debug] [2025-06-13T13:21:18.810Z] Accepted request GET /juniorfirebase-d7603/us-central1/getId_Mission --> us-central1-getId_Mission
[debug] [2025-06-13T13:21:18.811Z] [functions] Runtime ready! Sending request! {"metadata":{"emulator":{"name":"functions"},"message":"[functions] Runtime ready! Sending request!"}}
[debug] [2025-06-13T13:21:18.811Z] [functions] Got req.url=/juniorfirebase-d7603/us-central1/getId_Mission, mapping to path=/ {"metadata":{"emulator":{"name":"functions"},"message":"[functions] Got req.url=/juniorfirebase-d7603/us-central1/getId_Mission, mapping to path=/"}}
[info] i  functions: Loaded environment variables from .env. 
[debug] [2025-06-13T13:21:18.831Z] [worker-pool] addWorker(us-central1-getId_Mission) {"metadata":{"emulator":{"name":"functions"},"message":"[worker-pool] addWorker(us-central1-getId_Mission)"}}
[debug] [2025-06-13T13:21:18.831Z] [worker-pool] Adding worker with key us-central1-getId_Mission, total=1 {"metadata":{"emulator":{"name":"functions"},"message":"[worker-pool] Adding worker with key us-central1-getId_Mission, total=1"}}
[info] >  (node:19704) [DEP0040] DeprecationWarning: The `punycode` module is deprecated. Please use a userland alternative instead. {"user":"(node:19704) [DEP0040] DeprecationWarning: The `punycode` module is deprecated. Please use a userland alternative instead.","metadata":{"emulator":{"name":"functions"},"function":{"name":"us-central1-getId_Mission"},"extension":{},"message":"\u001b[90m> \u001b[39m (node:19704) [DEP0040] DeprecationWarning: The `punycode` module is deprecated. Please use a userland alternative instead."}}
[info] >  (Use `node --trace-deprecation ...` to show where the warning was created) {"user":"(Use `node --trace-deprecation ...` to show where the warning was created)","metadata":{"emulator":{"name":"functions"},"function":{"name":"us-central1-getId_Mission"},"extension":{},"message":"\u001b[90m> \u001b[39m (Use `node --trace-deprecation ...` to show where the warning was created)"}}
[debug] [2025-06-13T13:21:20.388Z] [runtime-status] [19704] Resolved module firebase-admin {"declared":true,"installed":true,"version":"12.7.0","resolution":"C:\\Users\\maxpe\\junior\\functions\\node_modules\\firebase-admin\\lib\\index.js"} {"metadata":{"emulator":{"name":"functions"},"function":{"name":"us-central1-getId_Mission"},"extension":{},"message":"[runtime-status] [19704] Resolved module firebase-admin {\"declared\":true,\"installed\":true,\"version\":\"12.7.0\",\"resolution\":\"C:\\\\Users\\\\maxpe\\\\junior\\\\functions\\\\node_modules\\\\firebase-admin\\\\lib\\\\index.js\"}"}}
[debug] [2025-06-13T13:21:20.392Z] [runtime-status] [19704] Resolved module firebase-functions {"declared":true,"installed":true,"version":"6.3.2","resolution":"C:\\Users\\maxpe\\junior\\functions\\node_modules\\firebase-functions\\lib\\v2\\index.js"} {"metadata":{"emulator":{"name":"functions"},"function":{"name":"us-central1-getId_Mission"},"extension":{},"message":"[runtime-status] [19704] Resolved module firebase-functions {\"declared\":true,\"installed\":true,\"version\":\"6.3.2\",\"resolution\":\"C:\\\\Users\\\\maxpe\\\\junior\\\\functions\\\\node_modules\\\\firebase-functions\\\\lib\\\\v2\\\\index.js\"}"}}
[debug] [2025-06-13T13:21:20.392Z] [runtime-status] [19704] Outgoing network have been stubbed. [{"name":"http","status":"mocked"},{"name":"http","status":"mocked"},{"name":"https","status":"mocked"},{"name":"https","status":"mocked"},{"name":"net","status":"mocked"}] {"metadata":{"emulator":{"name":"functions"},"function":{"name":"us-central1-getId_Mission"},"extension":{},"message":"[runtime-status] [19704] Outgoing network have been stubbed. [{\"name\":\"http\",\"status\":\"mocked\"},{\"name\":\"http\",\"status\":\"mocked\"},{\"name\":\"https\",\"status\":\"mocked\"},{\"name\":\"https\",\"status\":\"mocked\"},{\"name\":\"net\",\"status\":\"mocked\"}]"}}
[debug] [2025-06-13T13:21:20.393Z] [runtime-status] [19704] Resolved module firebase-functions {"declared":true,"installed":true,"version":"6.3.2","resolution":"C:\\Users\\maxpe\\junior\\functions\\node_modules\\firebase-functions\\lib\\v2\\index.js"} {"metadata":{"emulator":{"name":"functions"},"function":{"name":"us-central1-getId_Mission"},"extension":{},"message":"[runtime-status] [19704] Resolved module firebase-functions {\"declared\":true,\"installed\":true,\"version\":\"6.3.2\",\"resolution\":\"C:\\\\Users\\\\maxpe\\\\junior\\\\functions\\\\node_modules\\\\firebase-functions\\\\lib\\\\v2\\\\index.js\"}"}}
[debug] [2025-06-13T13:21:20.912Z] [runtime-status] [19704] Checked functions.config() {"config":{}} {"metadata":{"emulator":{"name":"functions"},"function":{"name":"us-central1-getId_Mission"},"extension":{},"message":"[runtime-status] [19704] Checked functions.config() {\"config\":{}}"}}
[debug] [2025-06-13T13:21:20.913Z] [runtime-status] [19704] firebase-functions has been stubbed. {"functionsResolution":{"declared":true,"installed":true,"version":"6.3.2","resolution":"C:\\Users\\maxpe\\junior\\functions\\node_modules\\firebase-functions\\lib\\v2\\index.js"}} {"metadata":{"emulator":{"name":"functions"},"function":{"name":"us-central1-getId_Mission"},"extension":{},"message":"[runtime-status] [19704] firebase-functions has been stubbed. {\"functionsResolution\":{\"declared\":true,\"installed\":true,\"version\":\"6.3.2\",\"resolution\":\"C:\\\\Users\\\\maxpe\\\\junior\\\\functions\\\\node_modules\\\\firebase-functions\\\\lib\\\\v2\\\\index.js\"}}"}}
[debug] [2025-06-13T13:21:20.914Z] [runtime-status] [19704] Resolved module firebase-functions {"declared":true,"installed":true,"version":"6.3.2","resolution":"C:\\Users\\maxpe\\junior\\functions\\node_modules\\firebase-functions\\lib\\v2\\index.js"} {"metadata":{"emulator":{"name":"functions"},"function":{"name":"us-central1-getId_Mission"},"extension":{},"message":"[runtime-status] [19704] Resolved module firebase-functions {\"declared\":true,\"installed\":true,\"version\":\"6.3.2\",\"resolution\":\"C:\\\\Users\\\\maxpe\\\\junior\\\\functions\\\\node_modules\\\\firebase-functions\\\\lib\\\\v2\\\\index.js\"}"}}
[debug] [2025-06-13T13:21:20.921Z] [runtime-status] [19704] Resolved module firebase-admin {"declared":true,"installed":true,"version":"12.7.0","resolution":"C:\\Users\\maxpe\\junior\\functions\\node_modules\\firebase-admin\\lib\\index.js"} {"metadata":{"emulator":{"name":"functions"},"function":{"name":"us-central1-getId_Mission"},"extension":{},"message":"[runtime-status] [19704] Resolved module firebase-admin {\"declared\":true,\"installed\":true,\"version\":\"12.7.0\",\"resolution\":\"C:\\\\Users\\\\maxpe\\\\junior\\\\functions\\\\node_modules\\\\firebase-admin\\\\lib\\\\index.js\"}"}}
[debug] [2025-06-13T13:21:20.925Z] [runtime-status] [19704] Resolved module firebase-functions {"declared":true,"installed":true,"version":"6.3.2","resolution":"C:\\Users\\maxpe\\junior\\functions\\node_modules\\firebase-functions\\lib\\v2\\index.js"} {"metadata":{"emulator":{"name":"functions"},"function":{"name":"us-central1-getId_Mission"},"extension":{},"message":"[runtime-status] [19704] Resolved module firebase-functions {\"declared\":true,\"installed\":true,\"version\":\"6.3.2\",\"resolution\":\"C:\\\\Users\\\\maxpe\\\\junior\\\\functions\\\\node_modules\\\\firebase-functions\\\\lib\\\\v2\\\\index.js\"}"}}
[debug] [2025-06-13T13:21:20.925Z] [runtime-status] [19704] firebase-admin has been stubbed. {"adminResolution":{"declared":true,"installed":true,"version":"12.7.0","resolution":"C:\\Users\\maxpe\\junior\\functions\\node_modules\\firebase-admin\\lib\\index.js"}} {"metadata":{"emulator":{"name":"functions"},"function":{"name":"us-central1-getId_Mission"},"extension":{},"message":"[runtime-status] [19704] firebase-admin has been stubbed. {\"adminResolution\":{\"declared\":true,\"installed\":true,\"version\":\"12.7.0\",\"resolution\":\"C:\\\\Users\\\\maxpe\\\\junior\\\\functions\\\\node_modules\\\\firebase-admin\\\\lib\\\\index.js\"}}"}}
[debug] [2025-06-13T13:21:21.037Z] [runtime-status] [19704] Functions runtime initialized. {"cwd":"C:\\Users\\maxpe\\junior\\functions","node_version":"22.12.0"} {"metadata":{"emulator":{"name":"functions"},"function":{"name":"us-central1-getId_Mission"},"extension":{},"message":"[runtime-status] [19704] Functions runtime initialized. {\"cwd\":\"C:\\\\Users\\\\maxpe\\\\junior\\\\functions\",\"node_version\":\"22.12.0\"}"}}
[debug] [2025-06-13T13:21:21.037Z] [runtime-status] [19704] Listening to port: \\?\pipe\fire_emu_48f26cc8bce061a1 {"metadata":{"emulator":{"name":"functions"},"function":{"name":"us-central1-getId_Mission"},"extension":{},"message":"[runtime-status] [19704] Listening to port: \\\\?\\pipe\\fire_emu_48f26cc8bce061a1"}}
[debug] [2025-06-13T13:21:21.091Z] [worker-us-central1-getId_Mission-fe07fa67-a1af-4d16-acc2-2c19a144bb4c]: IDLE {"metadata":{"emulator":{"name":"functions"},"function":{"name":"us-central1-getId_Mission"},"extension":{},"message":"[worker-us-central1-getId_Mission-fe07fa67-a1af-4d16-acc2-2c19a144bb4c]: IDLE"}}
[debug] [2025-06-13T13:21:21.091Z] [worker-pool] submitRequest(triggerId=us-central1-getId_Mission) {"metadata":{"emulator":{"name":"functions"},"message":"[worker-pool] submitRequest(triggerId=us-central1-getId_Mission)"}}
[info] i  functions: Beginning execution of "us-central1-getId_Mission" {"metadata":{"emulator":{"name":"functions"},"function":{"name":"us-central1-getId_Mission"},"extension":{},"message":"Beginning execution of \"us-central1-getId_Mission\""}}
[debug] [2025-06-13T13:21:21.091Z] [worker-us-central1-getId_Mission-fe07fa67-a1af-4d16-acc2-2c19a144bb4c]: BUSY {"metadata":{"emulator":{"name":"functions"},"function":{"name":"us-central1-getId_Mission"},"extension":{},"message":"[worker-us-central1-getId_Mission-fe07fa67-a1af-4d16-acc2-2c19a144bb4c]: BUSY"}}
[debug] [2025-06-13T13:21:21.153Z] Finishing up request with event=pause {"metadata":{"emulator":{"name":"functions"},"function":{"name":"us-central1-getId_Mission"},"extension":{},"message":"Finishing up request with event=pause"}}
[info] i  functions: Finished "us-central1-getId_Mission" in 61.6186ms {"metadata":{"emulator":{"name":"functions"},"function":{"name":"us-central1-getId_Mission"},"extension":{},"message":"Finished \"us-central1-getId_Mission\" in 61.6186ms"}}
[debug] [2025-06-13T13:21:21.154Z] [worker-us-central1-getId_Mission-fe07fa67-a1af-4d16-acc2-2c19a144bb4c]: IDLE {"metadata":{"emulator":{"name":"functions"},"function":{"name":"us-central1-getId_Mission"},"extension":{},"message":"[worker-us-central1-getId_Mission-fe07fa67-a1af-4d16-acc2-2c19a144bb4c]: IDLE"}}
[debug] [2025-06-13T13:21:21.154Z] Finishing up request with event=finish {"metadata":{"emulator":{"name":"functions"},"function":{"name":"us-central1-getId_Mission"},"extension":{},"message":"Finishing up request with event=finish"}}
[debug] [2025-06-13T13:21:21.155Z] Finishing up request with event=close {"metadata":{"emulator":{"name":"functions"},"function":{"name":"us-central1-getId_Mission"},"extension":{},"message":"Finishing up request with event=close"}}
[debug] [2025-06-13T13:21:21.155Z] [work-queue] {"queuedWork":[],"queueLength":0,"runningWork":[],"workRunningCount":0}
[debug] [2025-06-13T13:21:22.988Z] [work-queue] {"queuedWork":["/juniorfirebase-d7603/us-central1/getEvenement-2025-06-13T13:21:22.988Z"],"queueLength":1,"runningWork":[],"workRunningCount":0}
[debug] [2025-06-13T13:21:22.988Z] [work-queue] {"queuedWork":[],"queueLength":0,"runningWork":["/juniorfirebase-d7603/us-central1/getEvenement-2025-06-13T13:21:22.988Z"],"workRunningCount":1}
[debug] [2025-06-13T13:21:22.989Z] Accepted request GET /juniorfirebase-d7603/us-central1/getEvenement --> us-central1-getEvenement
[debug] [2025-06-13T13:21:22.990Z] [functions] Runtime ready! Sending request! {"metadata":{"emulator":{"name":"functions"},"message":"[functions] Runtime ready! Sending request!"}}
[debug] [2025-06-13T13:21:22.990Z] [functions] Got req.url=/juniorfirebase-d7603/us-central1/getEvenement, mapping to path=/ {"metadata":{"emulator":{"name":"functions"},"message":"[functions] Got req.url=/juniorfirebase-d7603/us-central1/getEvenement, mapping to path=/"}}
[debug] [2025-06-13T13:21:22.990Z] [worker-pool] submitRequest(triggerId=us-central1-getEvenement) {"metadata":{"emulator":{"name":"functions"},"message":"[worker-pool] submitRequest(triggerId=us-central1-getEvenement)"}}
[info] i  functions: Beginning execution of "us-central1-getEvenement" {"metadata":{"emulator":{"name":"functions"},"function":{"name":"us-central1-getEvenement"},"extension":{},"message":"Beginning execution of \"us-central1-getEvenement\""}}
[debug] [2025-06-13T13:21:22.991Z] [worker-us-central1-getEvenement-7db4a451-7332-4412-93d6-df46683ab842]: BUSY {"metadata":{"emulator":{"name":"functions"},"function":{"name":"us-central1-getEvenement"},"extension":{},"message":"[worker-us-central1-getEvenement-7db4a451-7332-4412-93d6-df46683ab842]: BUSY"}}
[debug] [2025-06-13T13:21:23.006Z] Finishing up request with event=pause {"metadata":{"emulator":{"name":"functions"},"function":{"name":"us-central1-getEvenement"},"extension":{},"message":"Finishing up request with event=pause"}}
[info] i  functions: Finished "us-central1-getEvenement" in 16.1475ms {"metadata":{"emulator":{"name":"functions"},"function":{"name":"us-central1-getEvenement"},"extension":{},"message":"Finished \"us-central1-getEvenement\" in 16.1475ms"}}
[debug] [2025-06-13T13:21:23.008Z] [worker-us-central1-getEvenement-7db4a451-7332-4412-93d6-df46683ab842]: IDLE {"metadata":{"emulator":{"name":"functions"},"function":{"name":"us-central1-getEvenement"},"extension":{},"message":"[worker-us-central1-getEvenement-7db4a451-7332-4412-93d6-df46683ab842]: IDLE"}}
[debug] [2025-06-13T13:21:23.009Z] Finishing up request with event=finish {"metadata":{"emulator":{"name":"functions"},"function":{"name":"us-central1-getEvenement"},"extension":{},"message":"Finishing up request with event=finish"}}
[debug] [2025-06-13T13:21:23.009Z] Finishing up request with event=close {"metadata":{"emulator":{"name":"functions"},"function":{"name":"us-central1-getEvenement"},"extension":{},"message":"Finishing up request with event=close"}}
[debug] [2025-06-13T13:21:23.009Z] [work-queue] {"queuedWork":[],"queueLength":0,"runningWork":[],"workRunningCount":0}
[debug] [2025-06-13T13:23:49.941Z] [work-queue] {"queuedWork":["/juniorfirebase-d7603/us-central1/getTitle_Mission-2025-06-13T13:23:49.941Z"],"queueLength":1,"runningWork":[],"workRunningCount":0}
[debug] [2025-06-13T13:23:49.942Z] [work-queue] {"queuedWork":[],"queueLength":0,"runningWork":["/juniorfirebase-d7603/us-central1/getTitle_Mission-2025-06-13T13:23:49.941Z"],"workRunningCount":1}
[debug] [2025-06-13T13:23:49.942Z] Accepted request GET /juniorfirebase-d7603/us-central1/getTitle_Mission --> us-central1-getTitle_Mission
[debug] [2025-06-13T13:23:49.946Z] [functions] Runtime ready! Sending request! {"metadata":{"emulator":{"name":"functions"},"message":"[functions] Runtime ready! Sending request!"}}
[debug] [2025-06-13T13:23:49.947Z] [functions] Got req.url=/juniorfirebase-d7603/us-central1/getTitle_Mission, mapping to path=/ {"metadata":{"emulator":{"name":"functions"},"message":"[functions] Got req.url=/juniorfirebase-d7603/us-central1/getTitle_Mission, mapping to path=/"}}
[debug] [2025-06-13T13:23:49.947Z] [worker-pool] submitRequest(triggerId=us-central1-getTitle_Mission) {"metadata":{"emulator":{"name":"functions"},"message":"[worker-pool] submitRequest(triggerId=us-central1-getTitle_Mission)"}}
[info] i  functions: Beginning execution of "us-central1-getTitle_Mission" {"metadata":{"emulator":{"name":"functions"},"function":{"name":"us-central1-getTitle_Mission"},"extension":{},"message":"Beginning execution of \"us-central1-getTitle_Mission\""}}
[debug] [2025-06-13T13:23:49.948Z] [worker-us-central1-getTitle_Mission-efe0d085-7409-44ce-bee5-e23ae1cf5a43]: BUSY {"metadata":{"emulator":{"name":"functions"},"function":{"name":"us-central1-getTitle_Mission"},"extension":{},"message":"[worker-us-central1-getTitle_Mission-efe0d085-7409-44ce-bee5-e23ae1cf5a43]: BUSY"}}
[debug] [2025-06-13T13:23:49.959Z] Finishing up request with event=pause {"metadata":{"emulator":{"name":"functions"},"function":{"name":"us-central1-getTitle_Mission"},"extension":{},"message":"Finishing up request with event=pause"}}
[info] i  functions: Finished "us-central1-getTitle_Mission" in 11.1022ms {"metadata":{"emulator":{"name":"functions"},"function":{"name":"us-central1-getTitle_Mission"},"extension":{},"message":"Finished \"us-central1-getTitle_Mission\" in 11.1022ms"}}
[debug] [2025-06-13T13:23:49.960Z] [worker-us-central1-getTitle_Mission-efe0d085-7409-44ce-bee5-e23ae1cf5a43]: IDLE {"metadata":{"emulator":{"name":"functions"},"function":{"name":"us-central1-getTitle_Mission"},"extension":{},"message":"[worker-us-central1-getTitle_Mission-efe0d085-7409-44ce-bee5-e23ae1cf5a43]: IDLE"}}
[debug] [2025-06-13T13:23:49.960Z] Finishing up request with event=finish {"metadata":{"emulator":{"name":"functions"},"function":{"name":"us-central1-getTitle_Mission"},"extension":{},"message":"Finishing up request with event=finish"}}
[debug] [2025-06-13T13:23:49.961Z] Finishing up request with event=close {"metadata":{"emulator":{"name":"functions"},"function":{"name":"us-central1-getTitle_Mission"},"extension":{},"message":"Finishing up request with event=close"}}
[debug] [2025-06-13T13:23:49.961Z] [work-queue] {"queuedWork":[],"queueLength":0,"runningWork":[],"workRunningCount":0}
[debug] [2025-06-13T13:23:49.989Z] [work-queue] {"queuedWork":["/juniorfirebase-d7603/us-central1/getDescription_Mission-2025-06-13T13:23:49.989Z"],"queueLength":1,"runningWork":[],"workRunningCount":0}
[debug] [2025-06-13T13:23:49.989Z] [work-queue] {"queuedWork":[],"queueLength":0,"runningWork":["/juniorfirebase-d7603/us-central1/getDescription_Mission-2025-06-13T13:23:49.989Z"],"workRunningCount":1}
[debug] [2025-06-13T13:23:49.989Z] Accepted request GET /juniorfirebase-d7603/us-central1/getDescription_Mission --> us-central1-getDescription_Mission
[debug] [2025-06-13T13:23:49.993Z] [functions] Runtime ready! Sending request! {"metadata":{"emulator":{"name":"functions"},"message":"[functions] Runtime ready! Sending request!"}}
[debug] [2025-06-13T13:23:49.993Z] [functions] Got req.url=/juniorfirebase-d7603/us-central1/getDescription_Mission, mapping to path=/ {"metadata":{"emulator":{"name":"functions"},"message":"[functions] Got req.url=/juniorfirebase-d7603/us-central1/getDescription_Mission, mapping to path=/"}}
[debug] [2025-06-13T13:23:49.993Z] [worker-pool] submitRequest(triggerId=us-central1-getDescription_Mission) {"metadata":{"emulator":{"name":"functions"},"message":"[worker-pool] submitRequest(triggerId=us-central1-getDescription_Mission)"}}
[info] i  functions: Beginning execution of "us-central1-getDescription_Mission" {"metadata":{"emulator":{"name":"functions"},"function":{"name":"us-central1-getDescription_Mission"},"extension":{},"message":"Beginning execution of \"us-central1-getDescription_Mission\""}}
[debug] [2025-06-13T13:23:49.994Z] [worker-us-central1-getDescription_Mission-3eb66778-e12d-412e-9017-c01537e89f2b]: BUSY {"metadata":{"emulator":{"name":"functions"},"function":{"name":"us-central1-getDescription_Mission"},"extension":{},"message":"[worker-us-central1-getDescription_Mission-3eb66778-e12d-412e-9017-c01537e89f2b]: BUSY"}}
[debug] [2025-06-13T13:23:50.003Z] Finishing up request with event=pause {"metadata":{"emulator":{"name":"functions"},"function":{"name":"us-central1-getDescription_Mission"},"extension":{},"message":"Finishing up request with event=pause"}}
[info] i  functions: Finished "us-central1-getDescription_Mission" in 8.891ms {"metadata":{"emulator":{"name":"functions"},"function":{"name":"us-central1-getDescription_Mission"},"extension":{},"message":"Finished \"us-central1-getDescription_Mission\" in 8.891ms"}}
[debug] [2025-06-13T13:23:50.004Z] [worker-us-central1-getDescription_Mission-3eb66778-e12d-412e-9017-c01537e89f2b]: IDLE {"metadata":{"emulator":{"name":"functions"},"function":{"name":"us-central1-getDescription_Mission"},"extension":{},"message":"[worker-us-central1-getDescription_Mission-3eb66778-e12d-412e-9017-c01537e89f2b]: IDLE"}}
[debug] [2025-06-13T13:23:50.004Z] Finishing up request with event=finish {"metadata":{"emulator":{"name":"functions"},"function":{"name":"us-central1-getDescription_Mission"},"extension":{},"message":"Finishing up request with event=finish"}}
[debug] [2025-06-13T13:23:50.004Z] Finishing up request with event=close {"metadata":{"emulator":{"name":"functions"},"function":{"name":"us-central1-getDescription_Mission"},"extension":{},"message":"Finishing up request with event=close"}}
[debug] [2025-06-13T13:23:50.005Z] [work-queue] {"queuedWork":[],"queueLength":0,"runningWork":[],"workRunningCount":0}
[debug] [2025-06-13T13:23:50.021Z] [work-queue] {"queuedWork":["/juniorfirebase-d7603/us-central1/getId_Mission-2025-06-13T13:23:50.021Z"],"queueLength":1,"runningWork":[],"workRunningCount":0}
[debug] [2025-06-13T13:23:50.023Z] [work-queue] {"queuedWork":[],"queueLength":0,"runningWork":["/juniorfirebase-d7603/us-central1/getId_Mission-2025-06-13T13:23:50.021Z"],"workRunningCount":1}
[debug] [2025-06-13T13:23:50.023Z] Accepted request GET /juniorfirebase-d7603/us-central1/getId_Mission --> us-central1-getId_Mission
[debug] [2025-06-13T13:23:50.027Z] [functions] Runtime ready! Sending request! {"metadata":{"emulator":{"name":"functions"},"message":"[functions] Runtime ready! Sending request!"}}
[debug] [2025-06-13T13:23:50.027Z] [functions] Got req.url=/juniorfirebase-d7603/us-central1/getId_Mission, mapping to path=/ {"metadata":{"emulator":{"name":"functions"},"message":"[functions] Got req.url=/juniorfirebase-d7603/us-central1/getId_Mission, mapping to path=/"}}
[debug] [2025-06-13T13:23:50.027Z] [worker-pool] submitRequest(triggerId=us-central1-getId_Mission) {"metadata":{"emulator":{"name":"functions"},"message":"[worker-pool] submitRequest(triggerId=us-central1-getId_Mission)"}}
[info] i  functions: Beginning execution of "us-central1-getId_Mission" {"metadata":{"emulator":{"name":"functions"},"function":{"name":"us-central1-getId_Mission"},"extension":{},"message":"Beginning execution of \"us-central1-getId_Mission\""}}
[debug] [2025-06-13T13:23:50.028Z] [worker-us-central1-getId_Mission-fe07fa67-a1af-4d16-acc2-2c19a144bb4c]: BUSY {"metadata":{"emulator":{"name":"functions"},"function":{"name":"us-central1-getId_Mission"},"extension":{},"message":"[worker-us-central1-getId_Mission-fe07fa67-a1af-4d16-acc2-2c19a144bb4c]: BUSY"}}
[debug] [2025-06-13T13:23:50.037Z] Finishing up request with event=pause {"metadata":{"emulator":{"name":"functions"},"function":{"name":"us-central1-getId_Mission"},"extension":{},"message":"Finishing up request with event=pause"}}
[info] i  functions: Finished "us-central1-getId_Mission" in 8.9156ms {"metadata":{"emulator":{"name":"functions"},"function":{"name":"us-central1-getId_Mission"},"extension":{},"message":"Finished \"us-central1-getId_Mission\" in 8.9156ms"}}
[debug] [2025-06-13T13:23:50.038Z] [worker-us-central1-getId_Mission-fe07fa67-a1af-4d16-acc2-2c19a144bb4c]: IDLE {"metadata":{"emulator":{"name":"functions"},"function":{"name":"us-central1-getId_Mission"},"extension":{},"message":"[worker-us-central1-getId_Mission-fe07fa67-a1af-4d16-acc2-2c19a144bb4c]: IDLE"}}
[debug] [2025-06-13T13:23:50.039Z] Finishing up request with event=finish {"metadata":{"emulator":{"name":"functions"},"function":{"name":"us-central1-getId_Mission"},"extension":{},"message":"Finishing up request with event=finish"}}
[debug] [2025-06-13T13:23:50.039Z] Finishing up request with event=close {"metadata":{"emulator":{"name":"functions"},"function":{"name":"us-central1-getId_Mission"},"extension":{},"message":"Finishing up request with event=close"}}
[debug] [2025-06-13T13:23:50.040Z] [work-queue] {"queuedWork":[],"queueLength":0,"runningWork":[],"workRunningCount":0}
[debug] [2025-06-13T13:35:50.573Z] [work-queue] {"queuedWork":["/juniorfirebase-d7603/us-central1/getTitle_Mission-2025-06-13T13:35:50.573Z"],"queueLength":1,"runningWork":[],"workRunningCount":0}
[debug] [2025-06-13T13:35:50.573Z] [work-queue] {"queuedWork":[],"queueLength":0,"runningWork":["/juniorfirebase-d7603/us-central1/getTitle_Mission-2025-06-13T13:35:50.573Z"],"workRunningCount":1}
[debug] [2025-06-13T13:35:50.574Z] Accepted request GET /juniorfirebase-d7603/us-central1/getTitle_Mission --> us-central1-getTitle_Mission
[debug] [2025-06-13T13:35:50.578Z] [functions] Runtime ready! Sending request! {"metadata":{"emulator":{"name":"functions"},"message":"[functions] Runtime ready! Sending request!"}}
[debug] [2025-06-13T13:35:50.579Z] [functions] Got req.url=/juniorfirebase-d7603/us-central1/getTitle_Mission, mapping to path=/ {"metadata":{"emulator":{"name":"functions"},"message":"[functions] Got req.url=/juniorfirebase-d7603/us-central1/getTitle_Mission, mapping to path=/"}}
[debug] [2025-06-13T13:35:50.579Z] [worker-pool] submitRequest(triggerId=us-central1-getTitle_Mission) {"metadata":{"emulator":{"name":"functions"},"message":"[worker-pool] submitRequest(triggerId=us-central1-getTitle_Mission)"}}
[info] i  functions: Beginning execution of "us-central1-getTitle_Mission" {"metadata":{"emulator":{"name":"functions"},"function":{"name":"us-central1-getTitle_Mission"},"extension":{},"message":"Beginning execution of \"us-central1-getTitle_Mission\""}}
[debug] [2025-06-13T13:35:50.580Z] [worker-us-central1-getTitle_Mission-efe0d085-7409-44ce-bee5-e23ae1cf5a43]: BUSY {"metadata":{"emulator":{"name":"functions"},"function":{"name":"us-central1-getTitle_Mission"},"extension":{},"message":"[worker-us-central1-getTitle_Mission-efe0d085-7409-44ce-bee5-e23ae1cf5a43]: BUSY"}}
[debug] [2025-06-13T13:35:50.590Z] Finishing up request with event=pause {"metadata":{"emulator":{"name":"functions"},"function":{"name":"us-central1-getTitle_Mission"},"extension":{},"message":"Finishing up request with event=pause"}}
[info] i  functions: Finished "us-central1-getTitle_Mission" in 9.8645ms {"metadata":{"emulator":{"name":"functions"},"function":{"name":"us-central1-getTitle_Mission"},"extension":{},"message":"Finished \"us-central1-getTitle_Mission\" in 9.8645ms"}}
[debug] [2025-06-13T13:35:50.591Z] [worker-us-central1-getTitle_Mission-efe0d085-7409-44ce-bee5-e23ae1cf5a43]: IDLE {"metadata":{"emulator":{"name":"functions"},"function":{"name":"us-central1-getTitle_Mission"},"extension":{},"message":"[worker-us-central1-getTitle_Mission-efe0d085-7409-44ce-bee5-e23ae1cf5a43]: IDLE"}}
[debug] [2025-06-13T13:35:50.591Z] Finishing up request with event=finish {"metadata":{"emulator":{"name":"functions"},"function":{"name":"us-central1-getTitle_Mission"},"extension":{},"message":"Finishing up request with event=finish"}}
[debug] [2025-06-13T13:35:50.591Z] Finishing up request with event=close {"metadata":{"emulator":{"name":"functions"},"function":{"name":"us-central1-getTitle_Mission"},"extension":{},"message":"Finishing up request with event=close"}}
[debug] [2025-06-13T13:35:50.592Z] [work-queue] {"queuedWork":[],"queueLength":0,"runningWork":[],"workRunningCount":0}
[debug] [2025-06-13T13:35:50.605Z] [work-queue] {"queuedWork":["/juniorfirebase-d7603/us-central1/getDescription_Mission-2025-06-13T13:35:50.605Z"],"queueLength":1,"runningWork":[],"workRunningCount":0}
[debug] [2025-06-13T13:35:50.606Z] [work-queue] {"queuedWork":[],"queueLength":0,"runningWork":["/juniorfirebase-d7603/us-central1/getDescription_Mission-2025-06-13T13:35:50.605Z"],"workRunningCount":1}
[debug] [2025-06-13T13:35:50.606Z] Accepted request GET /juniorfirebase-d7603/us-central1/getDescription_Mission --> us-central1-getDescription_Mission
[debug] [2025-06-13T13:35:50.611Z] [functions] Runtime ready! Sending request! {"metadata":{"emulator":{"name":"functions"},"message":"[functions] Runtime ready! Sending request!"}}
[debug] [2025-06-13T13:35:50.612Z] [functions] Got req.url=/juniorfirebase-d7603/us-central1/getDescription_Mission, mapping to path=/ {"metadata":{"emulator":{"name":"functions"},"message":"[functions] Got req.url=/juniorfirebase-d7603/us-central1/getDescription_Mission, mapping to path=/"}}
[debug] [2025-06-13T13:35:50.612Z] [worker-pool] submitRequest(triggerId=us-central1-getDescription_Mission) {"metadata":{"emulator":{"name":"functions"},"message":"[worker-pool] submitRequest(triggerId=us-central1-getDescription_Mission)"}}
[info] i  functions: Beginning execution of "us-central1-getDescription_Mission" {"metadata":{"emulator":{"name":"functions"},"function":{"name":"us-central1-getDescription_Mission"},"extension":{},"message":"Beginning execution of \"us-central1-getDescription_Mission\""}}
[debug] [2025-06-13T13:35:50.613Z] [worker-us-central1-getDescription_Mission-3eb66778-e12d-412e-9017-c01537e89f2b]: BUSY {"metadata":{"emulator":{"name":"functions"},"function":{"name":"us-central1-getDescription_Mission"},"extension":{},"message":"[worker-us-central1-getDescription_Mission-3eb66778-e12d-412e-9017-c01537e89f2b]: BUSY"}}
[debug] [2025-06-13T13:35:50.623Z] Finishing up request with event=pause {"metadata":{"emulator":{"name":"functions"},"function":{"name":"us-central1-getDescription_Mission"},"extension":{},"message":"Finishing up request with event=pause"}}
[info] i  functions: Finished "us-central1-getDescription_Mission" in 13.1143ms {"metadata":{"emulator":{"name":"functions"},"function":{"name":"us-central1-getDescription_Mission"},"extension":{},"message":"Finished \"us-central1-getDescription_Mission\" in 13.1143ms"}}
[debug] [2025-06-13T13:35:50.627Z] [worker-us-central1-getDescription_Mission-3eb66778-e12d-412e-9017-c01537e89f2b]: IDLE {"metadata":{"emulator":{"name":"functions"},"function":{"name":"us-central1-getDescription_Mission"},"extension":{},"message":"[worker-us-central1-getDescription_Mission-3eb66778-e12d-412e-9017-c01537e89f2b]: IDLE"}}
[debug] [2025-06-13T13:35:50.628Z] Finishing up request with event=finish {"metadata":{"emulator":{"name":"functions"},"function":{"name":"us-central1-getDescription_Mission"},"extension":{},"message":"Finishing up request with event=finish"}}
[debug] [2025-06-13T13:35:50.628Z] Finishing up request with event=close {"metadata":{"emulator":{"name":"functions"},"function":{"name":"us-central1-getDescription_Mission"},"extension":{},"message":"Finishing up request with event=close"}}
[debug] [2025-06-13T13:35:50.628Z] [work-queue] {"queuedWork":[],"queueLength":0,"runningWork":[],"workRunningCount":0}
[debug] [2025-06-13T13:35:50.645Z] [work-queue] {"queuedWork":["/juniorfirebase-d7603/us-central1/getId_Mission-2025-06-13T13:35:50.645Z"],"queueLength":1,"runningWork":[],"workRunningCount":0}
[debug] [2025-06-13T13:35:50.646Z] [work-queue] {"queuedWork":[],"queueLength":0,"runningWork":["/juniorfirebase-d7603/us-central1/getId_Mission-2025-06-13T13:35:50.645Z"],"workRunningCount":1}
[debug] [2025-06-13T13:35:50.646Z] Accepted request GET /juniorfirebase-d7603/us-central1/getId_Mission --> us-central1-getId_Mission
[debug] [2025-06-13T13:35:50.650Z] [functions] Runtime ready! Sending request! {"metadata":{"emulator":{"name":"functions"},"message":"[functions] Runtime ready! Sending request!"}}
[debug] [2025-06-13T13:35:50.650Z] [functions] Got req.url=/juniorfirebase-d7603/us-central1/getId_Mission, mapping to path=/ {"metadata":{"emulator":{"name":"functions"},"message":"[functions] Got req.url=/juniorfirebase-d7603/us-central1/getId_Mission, mapping to path=/"}}
[debug] [2025-06-13T13:35:50.650Z] [worker-pool] submitRequest(triggerId=us-central1-getId_Mission) {"metadata":{"emulator":{"name":"functions"},"message":"[worker-pool] submitRequest(triggerId=us-central1-getId_Mission)"}}
[info] i  functions: Beginning execution of "us-central1-getId_Mission" {"metadata":{"emulator":{"name":"functions"},"function":{"name":"us-central1-getId_Mission"},"extension":{},"message":"Beginning execution of \"us-central1-getId_Mission\""}}
[debug] [2025-06-13T13:35:50.651Z] [worker-us-central1-getId_Mission-fe07fa67-a1af-4d16-acc2-2c19a144bb4c]: BUSY {"metadata":{"emulator":{"name":"functions"},"function":{"name":"us-central1-getId_Mission"},"extension":{},"message":"[worker-us-central1-getId_Mission-fe07fa67-a1af-4d16-acc2-2c19a144bb4c]: BUSY"}}
[debug] [2025-06-13T13:35:50.660Z] Finishing up request with event=pause {"metadata":{"emulator":{"name":"functions"},"function":{"name":"us-central1-getId_Mission"},"extension":{},"message":"Finishing up request with event=pause"}}
[info] i  functions: Finished "us-central1-getId_Mission" in 8.9342ms {"metadata":{"emulator":{"name":"functions"},"function":{"name":"us-central1-getId_Mission"},"extension":{},"message":"Finished \"us-central1-getId_Mission\" in 8.9342ms"}}
[debug] [2025-06-13T13:35:50.660Z] [worker-us-central1-getId_Mission-fe07fa67-a1af-4d16-acc2-2c19a144bb4c]: IDLE {"metadata":{"emulator":{"name":"functions"},"function":{"name":"us-central1-getId_Mission"},"extension":{},"message":"[worker-us-central1-getId_Mission-fe07fa67-a1af-4d16-acc2-2c19a144bb4c]: IDLE"}}
[debug] [2025-06-13T13:35:50.661Z] Finishing up request with event=finish {"metadata":{"emulator":{"name":"functions"},"function":{"name":"us-central1-getId_Mission"},"extension":{},"message":"Finishing up request with event=finish"}}
[debug] [2025-06-13T13:35:50.661Z] Finishing up request with event=close {"metadata":{"emulator":{"name":"functions"},"function":{"name":"us-central1-getId_Mission"},"extension":{},"message":"Finishing up request with event=close"}}
[debug] [2025-06-13T13:35:50.661Z] [work-queue] {"queuedWork":[],"queueLength":0,"runningWork":[],"workRunningCount":0}
